<?xml version="1.0" encoding="UTF-8"?>
<!-- Generated by org.testng.reporters.JUnitReportReporter -->
<testsuite hostname="DESKTOP-LV82ONI" failures="0" tests="1" name="com.LawyerWangu.test.CorporateLogin" time="25.144" errors="0" timestamp="2021-08-03T15:50:26 IST" skipped="0">
  <testcase classname="com.LawyerWangu.test.CorporateLogin" name="login" time="25.144"/>
</testsuite> <!-- com.LawyerWangu.test.CorporateLogin -->
