<?xml version="1.0" encoding="UTF-8"?>
<!-- Generated by org.testng.reporters.JUnitReportReporter -->
<testsuite hostname="DESKTOP-LV82ONI" failures="0" tests="1" name="com.LawyerWangu.test.TestLogin" time="56.859" errors="0" timestamp="2021-08-03T16:12:16 IST" skipped="0">
  <testcase classname="com.LawyerWangu.test.TestLogin" name="test" time="56.859"/>
</testsuite> <!-- com.LawyerWangu.test.TestLogin -->
